<?xml version="1.0" encoding="UTF-8"?>
<testng-results skipped="0" failed="0" total="1" passed="1">
  <reporter-output>
  </reporter-output>
  <suite name="Default suite" duration-ms="31" started-at="2015-11-13T16:01:29Z" finished-at="2015-11-13T16:01:29Z">
    <groups>
    </groups>
    <test name="Default test" duration-ms="31" started-at="2015-11-13T16:01:29Z" finished-at="2015-11-13T16:01:29Z">
      <class name="testproject.toTest">
        <test-method status="PASS" signature="meth()[pri:0, instance:testproject.toTest@3d7b218b]" name="meth" duration-ms="14" started-at="2015-11-13T21:31:29Z" finished-at="2015-11-13T21:31:29Z">
          <reporter-output>
          </reporter-output>
        </test-method> <!-- meth -->
      </class> <!-- testproject.toTest -->
    </test> <!-- Default test -->
  </suite> <!-- Default suite -->
</testng-results>
